# JRE version: OpenJDK Runtime Environment (8.0_162-b12) (build 1.8.0_162-8u162-b12-0ubuntu0.17.10.2-b12)
# Java VM: OpenJDK 64-Bit Server VM (25.162-b12 mixed mode linux-amd64 compressed oops)
Heap:
 PSYoungGen      total 260608K, used 16361K [0x0000000780000000, 0x0000000791000000, 0x00000007c0000000)
  eden space 244224K, 0% used [0x0000000780000000,0x0000000780000000,0x000000078ee80000)
  from space 16384K, 99% used [0x000000078f000000,0x000000078fffa770,0x0000000790000000)
  to   space 13312K, 0% used [0x0000000790300000,0x0000000790300000,0x0000000791000000)
 ParOldGen       total 141312K, used 29544K [0x0000000700000000, 0x0000000708a00000, 0x0000000780000000)
  object space 141312K, 20% used [0x0000000700000000,0x0000000701cda2b8,0x0000000708a00000)
 Metaspace       used 40506K, capacity 41224K, committed 41472K, reserved 1085440K
  class space    used 5544K, capacity 5790K, committed 5888K, reserved 1048576K
GC Heap History (10 events):
Event: 5,669 GC heap after
Heap after GC invocations=6 (full 1):
 PSYoungGen      total 135168K, used 10733K [0x0000000780000000, 0x000000078b500000, 0x00000007c0000000)
  eden space 124416K, 0% used [0x0000000780000000,0x0000000780000000,0x0000000787980000)
  from space 10752K, 99% used [0x0000000787980000,0x00000007883fb648,0x0000000788400000)
  to   space 14336K, 0% used [0x000000078a700000,0x000000078a700000,0x000000078b500000)
 ParOldGen       total 100864K, used 8779K [0x0000000700000000, 0x0000000706280000, 0x0000000780000000)
  object space 100864K, 8% used [0x0000000700000000,0x0000000700892d18,0x0000000706280000)
 Metaspace       used 33849K, capacity 34482K, committed 34816K, reserved 1079296K
  class space    used 4556K, capacity 4744K, committed 4864K, reserved 1048576K
}
Event: 5,828 GC heap before
{Heap before GC invocations=7 (full 1):
 PSYoungGen      total 135168K, used 26832K [0x0000000780000000, 0x000000078b500000, 0x00000007c0000000)
  eden space 124416K, 12% used [0x0000000780000000,0x0000000780fb8ba0,0x0000000787980000)
  from space 10752K, 99% used [0x0000000787980000,0x00000007883fb648,0x0000000788400000)
  to   space 14336K, 0% used [0x000000078a700000,0x000000078a700000,0x000000078b500000)
 ParOldGen       total 100864K, used 8779K [0x0000000700000000, 0x0000000706280000, 0x0000000780000000)
  object space 100864K, 8% used [0x0000000700000000,0x0000000700892d18,0x0000000706280000)
 Metaspace       used 34588K, capacity 35248K, committed 35416K, reserved 1079296K
  class space    used 4674K, capacity 4845K, committed 4864K, reserved 1048576K
Event: 5,836 GC heap after
Heap after GC invocations=7 (full 1):
 PSYoungGen      total 171520K, used 8811K [0x0000000780000000, 0x000000078e380000, 0x00000007c0000000)
  eden space 157184K, 0% used [0x0000000780000000,0x0000000780000000,0x0000000789980000)
  from space 14336K, 61% used [0x000000078a700000,0x000000078af9ae10,0x000000078b500000)
  to   space 13824K, 0% used [0x0000000789980000,0x0000000789980000,0x000000078a700000)
 ParOldGen       total 100864K, used 8787K [0x0000000700000000, 0x0000000706280000, 0x0000000780000000)
  object space 100864K, 8% used [0x0000000700000000,0x0000000700894d18,0x0000000706280000)
 Metaspace       used 34588K, capacity 35248K, committed 35416K, reserved 1079296K
  class space    used 4674K, capacity 4845K, committed 4864K, reserved 1048576K
}
Event: 5,836 GC heap before
{Heap before GC invocations=8 (full 2):
 PSYoungGen      total 171520K, used 8811K [0x0000000780000000, 0x000000078e380000, 0x00000007c0000000)
  eden space 157184K, 0% used [0x0000000780000000,0x0000000780000000,0x0000000789980000)
  from space 14336K, 61% used [0x000000078a700000,0x000000078af9ae10,0x000000078b500000)
  to   space 13824K, 0% used [0x0000000789980000,0x0000000789980000,0x000000078a700000)
 ParOldGen       total 100864K, used 8787K [0x0000000700000000, 0x0000000706280000, 0x0000000780000000)
  object space 100864K, 8% used [0x0000000700000000,0x0000000700894d18,0x0000000706280000)
 Metaspace       used 34588K, capacity 35248K, committed 35416K, reserved 1079296K
  class space    used 4674K, capacity 4845K, committed 4864K, reserved 1048576K
Event: 5,880 GC heap after
Heap after GC invocations=8 (full 2):
 PSYoungGen      total 171520K, used 0K [0x0000000780000000, 0x000000078e380000, 0x00000007c0000000)
  eden space 157184K, 0% used [0x0000000780000000,0x0000000780000000,0x0000000789980000)
  from space 14336K, 0% used [0x000000078a700000,0x000000078a700000,0x000000078b500000)
  to   space 13824K, 0% used [0x0000000789980000,0x0000000789980000,0x000000078a700000)
 ParOldGen       total 141312K, used 15182K [0x0000000700000000, 0x0000000708a00000, 0x0000000780000000)
  object space 141312K, 10% used [0x0000000700000000,0x0000000700ed38a8,0x0000000708a00000)
 Metaspace       used 34588K, capacity 35248K, committed 35416K, reserved 1079296K
  class space    used 4674K, capacity 4845K, committed 4864K, reserved 1048576K
}
Event: 11,849 GC heap before
{Heap before GC invocations=9 (full 2):
 PSYoungGen      total 171520K, used 157184K [0x0000000780000000, 0x000000078e380000, 0x00000007c0000000)
  eden space 157184K, 100% used [0x0000000780000000,0x0000000789980000,0x0000000789980000)
  from space 14336K, 0% used [0x000000078a700000,0x000000078a700000,0x000000078b500000)
  to   space 13824K, 0% used [0x0000000789980000,0x0000000789980000,0x000000078a700000)
 ParOldGen       total 141312K, used 15182K [0x0000000700000000, 0x0000000708a00000, 0x0000000780000000)
  object space 141312K, 10% used [0x0000000700000000,0x0000000700ed38a8,0x0000000708a00000)
 Metaspace       used 39554K, capacity 40180K, committed 40576K, reserved 1083392K
  class space    used 5421K, capacity 5648K, committed 5760K, reserved 1048576K
Event: 11,868 GC heap after
Heap after GC invocations=9 (full 2):
 PSYoungGen      total 171008K, used 13819K [0x0000000780000000, 0x0000000791280000, 0x00000007c0000000)
  eden space 157184K, 0% used [0x0000000780000000,0x0000000780000000,0x0000000789980000)
  from space 13824K, 99% used [0x0000000789980000,0x000000078a6feca8,0x000000078a700000)
  to   space 15872K, 0% used [0x0000000790300000,0x0000000790300000,0x0000000791280000)
 ParOldGen       total 141312K, used 15759K [0x0000000700000000, 0x0000000708a00000, 0x0000000780000000)
  object space 141312K, 11% used [0x0000000700000000,0x0000000700f63c08,0x0000000708a00000)
 Metaspace       used 39554K, capacity 40180K, committed 40576K, reserved 1083392K
  class space    used 5421K, capacity 5648K, committed 5760K, reserved 1048576K
}
Event: 13,290 GC heap before
{Heap before GC invocations=10 (full 2):
 PSYoungGen      total 171008K, used 171003K [0x0000000780000000, 0x0000000791280000, 0x00000007c0000000)
  eden space 157184K, 100% used [0x0000000780000000,0x0000000789980000,0x0000000789980000)
  from space 13824K, 99% used [0x0000000789980000,0x000000078a6feca8,0x000000078a700000)
  to   space 15872K, 0% used [0x0000000790300000,0x0000000790300000,0x0000000791280000)
 ParOldGen       total 141312K, used 15759K [0x0000000700000000, 0x0000000708a00000, 0x0000000780000000)
  object space 141312K, 11% used [0x0000000700000000,0x0000000700f63c08,0x0000000708a00000)
 Metaspace       used 40391K, capacity 41154K, committed 41472K, reserved 1085440K
  class space    used 5529K, capacity 5789K, committed 5888K, reserved 1048576K
Event: 13,307 GC heap after
Heap after GC invocations=10 (full 2):
 PSYoungGen      total 257536K, used 13196K [0x0000000780000000, 0x0000000791000000, 0x00000007c0000000)
  eden space 244224K, 0% used [0x0000000780000000,0x0000000780000000,0x000000078ee80000)
  from space 13312K, 99% used [0x0000000790300000,0x0000000790fe3178,0x0000000791000000)
  to   space 16384K, 0% used [0x000000078f000000,0x000000078f000000,0x0000000790000000)
 ParOldGen       total 141312K, used 15767K [0x0000000700000000, 0x0000000708a00000, 0x0000000780000000)
  object space 141312K, 11% used [0x0000000700000000,0x0000000700f65c08,0x0000000708a00000)
 Metaspace       used 40391K, capacity 41154K, committed 41472K, reserved 1085440K
  class space    used 5529K, capacity 5789K, committed 5888K, reserved 1048576K
}
Event: 14,591 GC heap before
{Heap before GC invocations=11 (full 2):
 PSYoungGen      total 257536K, used 257420K [0x0000000780000000, 0x0000000791000000, 0x00000007c0000000)
  eden space 244224K, 100% used [0x0000000780000000,0x000000078ee80000,0x000000078ee80000)
  from space 13312K, 99% used [0x0000000790300000,0x0000000790fe3178,0x0000000791000000)
  to   space 16384K, 0% used [0x000000078f000000,0x000000078f000000,0x0000000790000000)
 ParOldGen       total 141312K, used 15767K [0x0000000700000000, 0x0000000708a00000, 0x0000000780000000)
  object space 141312K, 11% used [0x0000000700000000,0x0000000700f65c08,0x0000000708a00000)
 Metaspace       used 40506K, capacity 41224K, committed 41472K, reserved 1085440K
  class space    used 5544K, capacity 5790K, committed 5888K, reserved 1048576K

