# JRE version: OpenJDK Runtime Environment (8.0_162-b12) (build 1.8.0_162-8u162-b12-0ubuntu0.17.10.2-b12)
# Java VM: OpenJDK 64-Bit Server VM (25.162-b12 mixed mode linux-amd64 compressed oops)
Heap:
 PSYoungGen      total 234496K, used 13800K [0x0000000780000000, 0x0000000790100000, 0x00000007c0000000)
  eden space 220672K, 0% used [0x0000000780000000,0x0000000780000000,0x000000078d780000)
  from space 13824K, 99% used [0x000000078d780000,0x000000078e4fa2e0,0x000000078e500000)
  to   space 14336K, 0% used [0x000000078e500000,0x000000078e500000,0x000000078f300000)
 ParOldGen       total 100352K, used 29752K [0x0000000700000000, 0x0000000706200000, 0x0000000780000000)
  object space 100352K, 29% used [0x0000000700000000,0x0000000701d0e0e8,0x0000000706200000)
 Metaspace       used 44814K, capacity 45910K, committed 46208K, reserved 1089536K
  class space    used 6104K, capacity 6498K, committed 6528K, reserved 1048576K
GC Heap History (10 events):
Event: 4,979 GC heap after
Heap after GC invocations=4 (full 1):
 PSYoungGen      total 75264K, used 0K [0x0000000780000000, 0x0000000789300000, 0x00000007c0000000)
  eden space 64512K, 0% used [0x0000000780000000,0x0000000780000000,0x0000000783f00000)
  from space 10752K, 0% used [0x0000000783f00000,0x0000000783f00000,0x0000000784980000)
  to   space 10752K, 0% used [0x0000000788880000,0x0000000788880000,0x0000000789300000)
 ParOldGen       total 80384K, used 7690K [0x0000000700000000, 0x0000000704e80000, 0x0000000780000000)
  object space 80384K, 9% used [0x0000000700000000,0x0000000700782830,0x0000000704e80000)
 Metaspace       used 20768K, capacity 21166K, committed 21296K, reserved 1067008K
  class space    used 2738K, capacity 2881K, committed 2944K, reserved 1048576K
}
Event: 62,892 GC heap before
{Heap before GC invocations=5 (full 1):
 PSYoungGen      total 75264K, used 64512K [0x0000000780000000, 0x0000000789300000, 0x00000007c0000000)
  eden space 64512K, 100% used [0x0000000780000000,0x0000000783f00000,0x0000000783f00000)
  from space 10752K, 0% used [0x0000000783f00000,0x0000000783f00000,0x0000000784980000)
  to   space 10752K, 0% used [0x0000000788880000,0x0000000788880000,0x0000000789300000)
 ParOldGen       total 80384K, used 7690K [0x0000000700000000, 0x0000000704e80000, 0x0000000780000000)
  object space 80384K, 9% used [0x0000000700000000,0x0000000700782830,0x0000000704e80000)
 Metaspace       used 25978K, capacity 26568K, committed 26752K, reserved 1073152K
  class space    used 3474K, capacity 3625K, committed 3712K, reserved 1048576K
Event: 62,905 GC heap after
Heap after GC invocations=5 (full 1):
 PSYoungGen      total 127488K, used 7121K [0x0000000780000000, 0x0000000788f80000, 0x00000007c0000000)
  eden space 120320K, 0% used [0x0000000780000000,0x0000000780000000,0x0000000787580000)
  from space 7168K, 99% used [0x0000000788880000,0x0000000788f74498,0x0000000788f80000)
  to   space 10752K, 0% used [0x0000000787a80000,0x0000000787a80000,0x0000000788500000)
 ParOldGen       total 80384K, used 7690K [0x0000000700000000, 0x0000000704e80000, 0x0000000780000000)
  object space 80384K, 9% used [0x0000000700000000,0x0000000700782830,0x0000000704e80000)
 Metaspace       used 25978K, capacity 26568K, committed 26752K, reserved 1073152K
  class space    used 3474K, capacity 3625K, committed 3712K, reserved 1048576K
}
Event: 66,126 GC heap before
{Heap before GC invocations=6 (full 1):
 PSYoungGen      total 127488K, used 97410K [0x0000000780000000, 0x0000000788f80000, 0x00000007c0000000)
  eden space 120320K, 75% used [0x0000000780000000,0x000000078582c670,0x0000000787580000)
  from space 7168K, 99% used [0x0000000788880000,0x0000000788f74498,0x0000000788f80000)
  to   space 10752K, 0% used [0x0000000787a80000,0x0000000787a80000,0x0000000788500000)
 ParOldGen       total 80384K, used 7690K [0x0000000700000000, 0x0000000704e80000, 0x0000000780000000)
  object space 80384K, 9% used [0x0000000700000000,0x0000000700782830,0x0000000704e80000)
 Metaspace       used 34530K, capacity 35380K, committed 35496K, reserved 1079296K
  class space    used 4600K, capacity 4861K, committed 4864K, reserved 1048576K
Event: 66,153 GC heap after
Heap after GC invocations=6 (full 1):
 PSYoungGen      total 136192K, used 10732K [0x0000000780000000, 0x000000078f300000, 0x00000007c0000000)
  eden space 125440K, 0% used [0x0000000780000000,0x0000000780000000,0x0000000787a80000)
  from space 10752K, 99% used [0x0000000787a80000,0x00000007884fb068,0x0000000788500000)
  to   space 14336K, 0% used [0x000000078e500000,0x000000078e500000,0x000000078f300000)
 ParOldGen       total 80384K, used 9729K [0x0000000700000000, 0x0000000704e80000, 0x0000000780000000)
  object space 80384K, 12% used [0x0000000700000000,0x0000000700980578,0x0000000704e80000)
 Metaspace       used 34530K, capacity 35380K, committed 35496K, reserved 1079296K
  class space    used 4600K, capacity 4861K, committed 4864K, reserved 1048576K
}
Event: 66,153 GC heap before
{Heap before GC invocations=7 (full 2):
 PSYoungGen      total 136192K, used 10732K [0x0000000780000000, 0x000000078f300000, 0x00000007c0000000)
  eden space 125440K, 0% used [0x0000000780000000,0x0000000780000000,0x0000000787a80000)
  from space 10752K, 99% used [0x0000000787a80000,0x00000007884fb068,0x0000000788500000)
  to   space 14336K, 0% used [0x000000078e500000,0x000000078e500000,0x000000078f300000)
 ParOldGen       total 80384K, used 9729K [0x0000000700000000, 0x0000000704e80000, 0x0000000780000000)
  object space 80384K, 12% used [0x0000000700000000,0x0000000700980578,0x0000000704e80000)
 Metaspace       used 34530K, capacity 35380K, committed 35496K, reserved 1079296K
  class space    used 4600K, capacity 4861K, committed 4864K, reserved 1048576K
Event: 66,215 GC heap after
Heap after GC invocations=7 (full 2):
 PSYoungGen      total 136192K, used 0K [0x0000000780000000, 0x000000078f300000, 0x00000007c0000000)
  eden space 125440K, 0% used [0x0000000780000000,0x0000000780000000,0x0000000787a80000)
  from space 10752K, 0% used [0x0000000787a80000,0x0000000787a80000,0x0000000788500000)
  to   space 14336K, 0% used [0x000000078e500000,0x000000078e500000,0x000000078f300000)
 ParOldGen       total 100352K, used 18956K [0x0000000700000000, 0x0000000706200000, 0x0000000780000000)
  object space 100352K, 18% used [0x0000000700000000,0x0000000701283330,0x0000000706200000)
 Metaspace       used 34530K, capacity 35380K, committed 35496K, reserved 1079296K
  class space    used 4600K, capacity 4861K, committed 4864K, reserved 1048576K
}
Event: 67,329 GC heap before
{Heap before GC invocations=8 (full 2):
 PSYoungGen      total 136192K, used 125440K [0x0000000780000000, 0x000000078f300000, 0x00000007c0000000)
  eden space 125440K, 100% used [0x0000000780000000,0x0000000787a80000,0x0000000787a80000)
  from space 10752K, 0% used [0x0000000787a80000,0x0000000787a80000,0x0000000788500000)
  to   space 14336K, 0% used [0x000000078e500000,0x000000078e500000,0x000000078f300000)
 ParOldGen       total 100352K, used 18956K [0x0000000700000000, 0x0000000706200000, 0x0000000780000000)
  object space 100352K, 18% used [0x0000000700000000,0x0000000701283330,0x0000000706200000)
 Metaspace       used 37929K, capacity 38776K, committed 39296K, reserved 1083392K
  class space    used 5128K, capacity 5385K, committed 5504K, reserved 1048576K
Event: 67,339 GC heap after
Heap after GC invocations=8 (full 2):
 PSYoungGen      total 235008K, used 8882K [0x0000000780000000, 0x0000000790100000, 0x00000007c0000000)
  eden space 220672K, 0% used [0x0000000780000000,0x0000000780000000,0x000000078d780000)
  from space 14336K, 61% used [0x000000078e500000,0x000000078edac8c0,0x000000078f300000)
  to   space 13824K, 0% used [0x000000078d780000,0x000000078d780000,0x000000078e500000)
 ParOldGen       total 100352K, used 18964K [0x0000000700000000, 0x0000000706200000, 0x0000000780000000)
  object space 100352K, 18% used [0x0000000700000000,0x0000000701285330,0x0000000706200000)
 Metaspace       used 37929K, capacity 38776K, committed 39296K, reserved 1083392K
  class space    used 5128K, capacity 5385K, committed 5504K, reserved 1048576K
}
Event: 89,166 GC heap before
{Heap before GC invocations=9 (full 2):
 PSYoungGen      total 235008K, used 229554K [0x0000000780000000, 0x0000000790100000, 0x00000007c0000000)
  eden space 220672K, 100% used [0x0000000780000000,0x000000078d780000,0x000000078d780000)
  from space 14336K, 61% used [0x000000078e500000,0x000000078edac8c0,0x000000078f300000)
  to   space 13824K, 0% used [0x000000078d780000,0x000000078d780000,0x000000078e500000)
 ParOldGen       total 100352K, used 18964K [0x0000000700000000, 0x0000000706200000, 0x0000000780000000)
  object space 100352K, 18% used [0x0000000700000000,0x0000000701285330,0x0000000706200000)
 Metaspace       used 44814K, capacity 45910K, committed 46208K, reserved 1089536K
  class space    used 6104K, capacity 6498K, committed 6528K, reserved 1048576K

