# JRE version: Java(TM) SE Runtime Environment (9.0+11) (build 9.0.4+11)
# Java VM: Java HotSpot(TM) 64-Bit Server VM (9.0.4+11, mixed mode, tiered, compressed oops, g1 gc, linux-amd64)
Heap:
 garbage-first heap   total 774144K, used 22639K [0x0000000700000000, 0x00000007001017a0, 0x00000007c0000000)
  region size 1024K, 6 young (6144K), 6 survivors (6144K)
 Metaspace       used 20591K, capacity 21166K, committed 21248K, reserved 1067008K
  class space    used 2599K, capacity 2736K, committed 2816K, reserved 1048576K
GC Heap History (7 events):
Event: 0,725 GC heap before
{Heap before GC invocations=0 (full 0):
 garbage-first heap   total 258048K, used 26624K [0x0000000700000000, 0x00000007001007e0, 0x00000007c0000000)
  region size 1024K, 24 young (24576K), 0 survivors (0K)
 Metaspace       used 10284K, capacity 10568K, committed 10624K, reserved 1058816K
  class space    used 1065K, capacity 1133K, committed 1152K, reserved 1048576K
}
Event: 0,732 GC heap after
{Heap after GC invocations=1 (full 0):
 garbage-first heap   total 258048K, used 9039K [0x0000000700000000, 0x00000007001007e0, 0x00000007c0000000)
  region size 1024K, 3 young (3072K), 3 survivors (3072K)
 Metaspace       used 10284K, capacity 10568K, committed 10624K, reserved 1058816K
  class space    used 1065K, capacity 1133K, committed 1152K, reserved 1048576K
}
Event: 1,007 GC heap before
{Heap before GC invocations=1 (full 0):
 garbage-first heap   total 258048K, used 30543K [0x0000000700000000, 0x00000007001007e0, 0x00000007c0000000)
  region size 1024K, 23 young (23552K), 3 survivors (3072K)
 Metaspace       used 10652K, capacity 10944K, committed 11264K, reserved 1058816K
  class space    used 1110K, capacity 1173K, committed 1280K, reserved 1048576K
}
Event: 1,013 GC heap after
{Heap after GC invocations=2 (full 0):
 garbage-first heap   total 258048K, used 13295K [0x0000000700000000, 0x00000007001007e0, 0x00000007c0000000)
  region size 1024K, 3 young (3072K), 3 survivors (3072K)
 Metaspace       used 10652K, capacity 10944K, committed 11264K, reserved 1058816K
  class space    used 1110K, capacity 1173K, committed 1280K, reserved 1048576K
}
Event: 1,815 GC heap before
{Heap before GC invocations=2 (full 0):
 garbage-first heap   total 258048K, used 59375K [0x0000000700000000, 0x00000007001007e0, 0x00000007c0000000)
  region size 1024K, 48 young (49152K), 3 survivors (3072K)
 Metaspace       used 17832K, capacity 18478K, committed 18688K, reserved 1064960K
  class space    used 2168K, capacity 2288K, committed 2304K, reserved 1048576K
}
Event: 1,822 GC heap after
{Heap after GC invocations=3 (full 0):
 garbage-first heap   total 258048K, used 19608K [0x0000000700000000, 0x00000007001007e0, 0x00000007c0000000)
  region size 1024K, 6 young (6144K), 6 survivors (6144K)
 Metaspace       used 17832K, capacity 18478K, committed 18688K, reserved 1064960K
  class space    used 2168K, capacity 2288K, committed 2304K, reserved 1048576K
}
Event: 2,273 GC heap before
{Heap before GC invocations=3 (full 0):
 garbage-first heap   total 258048K, used 44184K [0x0000000700000000, 0x00000007001007e0, 0x00000007c0000000)
  region size 1024K, 31 young (31744K), 6 survivors (6144K)
 Metaspace       used 20591K, capacity 21166K, committed 21248K, reserved 1067008K
  class space    used 2599K, capacity 2736K, committed 2816K, reserved 1048576K
}

